<?xml version="1.0" encoding="UTF-8"?>
<!-- Generated by org.testng.reporters.JUnitXMLReporter -->
<testsuite ignored="0" hostname="DESKTOP-94EN0I1" failures="1" tests="4" name="Test" time="10.527" errors="0" timestamp="2024-01-17T16:02:01 IST">
  <testcase classname="Basics.Login" name="login" time="10.471"/>
  <testcase classname="Basics.TestngBasics" name="tc1" time="0.002"/>
  <testcase classname="Basics.TestngBasics" name="tc2" time="0.001">
    <failure type="java.lang.ArithmeticException" message="/ by zero">
      <![CDATA[java.lang.ArithmeticException: / by zero
at Basics.TestngBasics.tc2(TestngBasics.java:22)
at java.base/java.util.ArrayList.forEach(ArrayList.java:1511)
... Removed 27 stack frames]]>
    </failure>
  </testcase> <!-- tc2 -->
  <testcase classname="Basics.TestngBasics" name="demo" time="0.001"/>
</testsuite> <!-- Test -->
